[debug] [2018-04-06T10:14:19.981Z] ----------------------------------------------------------------------
[debug] [2018-04-06T10:14:19.984Z] Command:       /usr/local/bin/node /usr/local/bin/firebase serve
[debug] [2018-04-06T10:14:19.984Z] CLI Version:   3.18.1
[debug] [2018-04-06T10:14:19.984Z] Platform:      darwin
[debug] [2018-04-06T10:14:19.984Z] Node Version:  v9.11.1
[debug] [2018-04-06T10:14:19.985Z] Time:          Fri Apr 06 2018 20:14:19 GMT+1000 (AEST)
[debug] [2018-04-06T10:14:19.985Z] ----------------------------------------------------------------------
[debug] 
[debug] [2018-04-06T10:14:19.998Z] > command requires scopes: ["email","openid","https://www.googleapis.com/auth/cloudplatformprojects.readonly","https://www.googleapis.com/auth/firebase","https://www.googleapis.com/auth/cloud-platform"]
[debug] [2018-04-06T10:14:19.998Z] > authorizing via signed-in user
[debug] [2018-04-06T10:14:20.000Z] >>> HTTP REQUEST GET https://admin.firebase.com/v1/projects/friendlychat-f6b34  
  
 Fri Apr 06 2018 20:14:20 GMT+1000 (AEST)
[debug] [2018-04-06T10:14:21.490Z] <<< HTTP RESPONSE 200
[debug] [2018-04-06T10:14:21.491Z] >>> HTTP REQUEST GET https://admin.firebase.com/v1/database/friendlychat-f6b34/tokens  
  
 Fri Apr 06 2018 20:14:21 GMT+1000 (AEST)
[debug] [2018-04-06T10:14:22.421Z] <<< HTTP RESPONSE 200
[debug] [2018-04-06T10:14:22.423Z] >>> HTTP REQUEST GET https://cloudresourcemanager.googleapis.com/v1/projects/friendlychat-f6b34  
  
 Fri Apr 06 2018 20:14:22 GMT+1000 (AEST)
[debug] [2018-04-06T10:14:23.763Z] <<< HTTP RESPONSE 200
[info] 
[info] === Serving from '/Users/dylan/Documents/GitHub/friendlychat-web/web-start'...
[info] 
[info] i  functions: Preparing to emulate functions.
[debug] [2018-04-06T10:14:25.128Z] Fetching environment
[debug] [2018-04-06T10:14:25.131Z] >>> HTTP REQUEST GET https://mobilesdk-pa.googleapis.com/v1/projects/1007581766719:getServerAppConfig  
  
 Fri Apr 06 2018 20:14:25 GMT+1000 (AEST)
[debug] [2018-04-06T10:14:25.132Z] >>> HTTP REQUEST GET https://mobilesdk-pa.googleapis.com/v1/projects/1007581766719/clients/_:getWebAppConfig  
  
 Fri Apr 06 2018 20:14:25 GMT+1000 (AEST)
[debug] [2018-04-06T10:14:26.072Z] <<< HTTP RESPONSE 200
[debug] [2018-04-06T10:14:26.073Z] Starting @google-cloud/functions-emulator
[debug] [2018-04-06T10:14:26.087Z] <<< HTTP RESPONSE 200
[info] i  hosting: Serving hosting files from: ./
[info] ✔  hosting: Local server: http://localhost:5000

[debug] [2018-04-06T10:14:27.640Z] Parsing function triggers
